<?xml version="1.0" encoding="UTF-8"?>
<testng-results ignored="0" total="1" passed="1" failed="0" skipped="0">
  <reporter-output>
  </reporter-output>
  <suite started-at="2023-10-07T23:35:22 GMT-07:00" name="Default suite" finished-at="2023-10-07T23:36:49 GMT-07:00" duration-ms="86995">
    <groups>
    </groups>
    <test started-at="2023-10-07T23:35:22 GMT-07:00" name="Default test" finished-at="2023-10-07T23:36:49 GMT-07:00" duration-ms="86995">
      <class name="testCases.AdrdressandLogoutTest_5">
        <test-method is-config="true" signature="setup()[pri:0, instance:testCases.AdrdressandLogoutTest_5@54c5a2ff]" started-at="2023-10-07T23:35:22 GMT-07:00" name="setup" finished-at="2023-10-07T23:35:26 GMT-07:00" duration-ms="4030" status="PASS">
          <reporter-output>
          </reporter-output>
        </test-method> <!-- setup -->
        <test-method is-config="true" signature="url()[pri:0, instance:testCases.AdrdressandLogoutTest_5@54c5a2ff]" started-at="2023-10-07T23:35:26 GMT-07:00" name="url" finished-at="2023-10-07T23:35:32 GMT-07:00" duration-ms="6031" status="PASS">
          <reporter-output>
          </reporter-output>
        </test-method> <!-- url -->
        <test-method signature="test1()[pri:0, instance:testCases.AdrdressandLogoutTest_5@54c5a2ff]" started-at="2023-10-07T23:35:32 GMT-07:00" name="test1" finished-at="2023-10-07T23:36:45 GMT-07:00" duration-ms="72978" status="PASS">
          <reporter-output>
          </reporter-output>
        </test-method> <!-- test1 -->
        <test-method is-config="true" signature="teardown()[pri:0, instance:testCases.AdrdressandLogoutTest_5@54c5a2ff]" started-at="2023-10-07T23:36:45 GMT-07:00" name="teardown" finished-at="2023-10-07T23:36:49 GMT-07:00" duration-ms="3865" status="PASS">
          <reporter-output>
          </reporter-output>
        </test-method> <!-- teardown -->
      </class> <!-- testCases.AdrdressandLogoutTest_5 -->
    </test> <!-- Default test -->
  </suite> <!-- Default suite -->
</testng-results>
